app/build/intermediates/manifest_merge_blame_file/debug/manifest-merger-blame-debug-report.txt
1<?xml version="1.0" encoding="utf-8"?>
2<manifest xmlns:android="http://schemas.android.com/apk/res/android"
3    package="org.tensorflow.codelabs.objectdetection"
4    android:versionCode="1"
5    android:versionName="1.0" >
6
7    <uses-sdk
8        android:minSdkVersion="23"
8-->src\main\AndroidManifest.xml
9        android:targetSdkVersion="33" />
9-->src\main\AndroidManifest.xml
10
11    <uses-feature android:name="android.hardware.camera.any" />
11-->src\main\AndroidManifest.xml:5:5-64
11-->src\main\AndroidManifest.xml:5:19-61
12
13    <uses-permission android:name="android.permission.CAMERA" />
13-->src\main\AndroidManifest.xml:7:5-65
13-->src\main\AndroidManifest.xml:7:22-62
14    <uses-permission android:name="android.permission.RECORD_AUDIO" />
14-->src\main\AndroidManifest.xml:8:5-71
14-->src\main\AndroidManifest.xml:8:22-68
15    <uses-permission android:name="android.permission.INTERNET" />
15-->src\main\AndroidManifest.xml:9:5-67
15-->src\main\AndroidManifest.xml:9:22-64
16    <uses-permission
16-->src\main\AndroidManifest.xml:10:5-12:38
17        android:name="android.permission.WRITE_EXTERNAL_STORAGE"
17-->src\main\AndroidManifest.xml:11:9-65
18        android:maxSdkVersion="28" />
18-->src\main\AndroidManifest.xml:12:9-35
19    <uses-permission
19-->src\main\AndroidManifest.xml:14:5-15:38
20        android:name="android.permission.READ_EXTERNAL_STORAGE"
20-->src\main\AndroidManifest.xml:14:22-77
21        android:maxSdkVersion="32" />
21-->src\main\AndroidManifest.xml:15:9-35
22
23    <queries>
23-->src\main\AndroidManifest.xml:17:5-21:15
24        <intent>
24-->src\main\AndroidManifest.xml:18:9-20:18
25            <action android:name="android.media.action.IMAGE_CAPTURE" />
25-->src\main\AndroidManifest.xml:19:13-73
25-->src\main\AndroidManifest.xml:19:21-70
26        </intent>
27        <intent>
27-->[androidx.camera:camera-extensions:1.2.2] AndroidManifest.xml:23:9-25:18
28            <action android:name="androidx.camera.extensions.action.VENDOR_ACTION" />
28-->[androidx.camera:camera-extensions:1.2.2] AndroidManifest.xml:24:13-86
28-->[androidx.camera:camera-extensions:1.2.2] AndroidManifest.xml:24:21-83
29        </intent>
30    </queries>
31
32    <uses-permission android:name="android.permission.ACCESS_NETWORK_STATE" />
32-->[com.pierfrancescosoffritti.androidyoutubeplayer:core:11.1.0] AndroidManifest.xml:10:5-79
32-->[com.pierfrancescosoffritti.androidyoutubeplayer:core:11.1.0] AndroidManifest.xml:10:22-76
33    <uses-permission android:name="android.permission.READ_PHONE_STATE" />
34
35    <application
35-->src\main\AndroidManifest.xml:23:5-77:19
36        android:allowBackup="true"
36-->src\main\AndroidManifest.xml:24:9-35
37        android:appComponentFactory="androidx.core.app.CoreComponentFactory"
37-->[androidx.core:core:1.7.0] AndroidManifest.xml:24:18-86
38        android:debuggable="true"
39        android:extractNativeLibs="false"
40        android:icon="@mipmap/ic_launcher"
40-->src\main\AndroidManifest.xml:25:9-43
41        android:label="@string/app_name"
41-->src\main\AndroidManifest.xml:26:9-41
42        android:roundIcon="@mipmap/ic_launcher_round"
42-->src\main\AndroidManifest.xml:27:9-54
43        android:supportsRtl="true"
43-->src\main\AndroidManifest.xml:28:9-35
44        android:testOnly="true"
45        android:theme="@style/AppTheme" >
45-->src\main\AndroidManifest.xml:29:9-40
46        <activity
46-->src\main\AndroidManifest.xml:30:9-32:39
47            android:name="org.tensorflow.codelabs.objectdetection.ui.recomendation.detail.VideoDetailActivity"
47-->src\main\AndroidManifest.xml:31:13-72
48            android:exported="true" />
48-->src\main\AndroidManifest.xml:32:13-36
49        <activity
49-->src\main\AndroidManifest.xml:33:9-35:39
50            android:name="org.tensorflow.codelabs.objectdetection.ui.recomendation.detail.ArticleDetailActivity"
50-->src\main\AndroidManifest.xml:34:13-74
51            android:exported="true" />
51-->src\main\AndroidManifest.xml:35:13-36
52        <activity
52-->src\main\AndroidManifest.xml:36:9-38:40
53            android:name="org.tensorflow.codelabs.objectdetection.ui.profile.edit.EditProfileActivity"
53-->src\main\AndroidManifest.xml:37:13-64
54            android:exported="false" />
54-->src\main\AndroidManifest.xml:38:13-37
55        <activity
55-->src\main\AndroidManifest.xml:39:9-41:40
56            android:name="org.tensorflow.codelabs.objectdetection.ui.recomendation.video.VideoListActivity"
56-->src\main\AndroidManifest.xml:40:13-69
57            android:exported="false" />
57-->src\main\AndroidManifest.xml:41:13-37
58        <activity
58-->src\main\AndroidManifest.xml:42:9-44:39
59            android:name="org.tensorflow.codelabs.objectdetection.ui.recomendation.article.ArticleListActivity"
59-->src\main\AndroidManifest.xml:43:13-73
60            android:exported="true" />
60-->src\main\AndroidManifest.xml:44:13-36
61        <activity
61-->src\main\AndroidManifest.xml:45:9-47:40
62            android:name="org.tensorflow.codelabs.objectdetection.ui.register.RegisterActivity"
62-->src\main\AndroidManifest.xml:46:13-57
63            android:exported="false" />
63-->src\main\AndroidManifest.xml:47:13-37
64        <activity
64-->src\main\AndroidManifest.xml:48:9-50:39
65            android:name="org.tensorflow.codelabs.objectdetection.ui.login.LoginActivity"
65-->src\main\AndroidManifest.xml:49:13-51
66            android:exported="true" />
66-->src\main\AndroidManifest.xml:50:13-36
67        <activity
67-->src\main\AndroidManifest.xml:51:9-53:40
68            android:name="org.tensorflow.codelabs.objectdetection.ui.detection.CameraPreview"
68-->src\main\AndroidManifest.xml:52:13-55
69            android:exported="false" />
69-->src\main\AndroidManifest.xml:53:13-37
70        <activity
70-->src\main\AndroidManifest.xml:54:9-63:20
71            android:name="org.tensorflow.codelabs.objectdetection.MainActivity"
71-->src\main\AndroidManifest.xml:55:13-41
72            android:exported="true"
72-->src\main\AndroidManifest.xml:57:13-36
73            android:theme="@style/AppTheme.App.Starting" >
73-->src\main\AndroidManifest.xml:56:13-57
74            <intent-filter>
74-->src\main\AndroidManifest.xml:58:13-62:29
75                <action android:name="android.intent.action.MAIN" />
75-->src\main\AndroidManifest.xml:59:17-69
75-->src\main\AndroidManifest.xml:59:25-66
76
77                <category android:name="android.intent.category.LAUNCHER" />
77-->src\main\AndroidManifest.xml:61:17-77
77-->src\main\AndroidManifest.xml:61:27-74
78            </intent-filter>
79        </activity>
80        <activity
80-->src\main\AndroidManifest.xml:64:9-66:40
81            android:name="org.tensorflow.codelabs.objectdetection.ui.detection.CameraActivity"
81-->src\main\AndroidManifest.xml:65:13-56
82            android:exported="false" />
82-->src\main\AndroidManifest.xml:66:13-37
83
84        <provider
84-->src\main\AndroidManifest.xml:68:9-76:20
85            android:name="androidx.core.content.FileProvider"
85-->src\main\AndroidManifest.xml:69:13-62
86            android:authorities="org.tensorflow.codelabs.objectdetection.fileprovider"
86-->src\main\AndroidManifest.xml:70:13-87
87            android:exported="false"
87-->src\main\AndroidManifest.xml:71:13-37
88            android:grantUriPermissions="true" >
88-->src\main\AndroidManifest.xml:72:13-47
89            <meta-data
89-->src\main\AndroidManifest.xml:73:13-75:54
90                android:name="android.support.FILE_PROVIDER_PATHS"
90-->src\main\AndroidManifest.xml:74:17-67
91                android:resource="@xml/file_paths" />
91-->src\main\AndroidManifest.xml:75:17-51
92        </provider>
93
94        <uses-library
94-->[androidx.camera:camera-extensions:1.2.2] AndroidManifest.xml:29:9-31:40
95            android:name="androidx.camera.extensions.impl"
95-->[androidx.camera:camera-extensions:1.2.2] AndroidManifest.xml:30:13-59
96            android:required="false" />
96-->[androidx.camera:camera-extensions:1.2.2] AndroidManifest.xml:31:13-37
97
98        <service
98-->[androidx.camera:camera-camera2:1.2.2] AndroidManifest.xml:24:9-33:19
99            android:name="androidx.camera.core.impl.MetadataHolderService"
99-->[androidx.camera:camera-camera2:1.2.2] AndroidManifest.xml:25:13-75
100            android:enabled="false"
100-->[androidx.camera:camera-camera2:1.2.2] AndroidManifest.xml:26:13-36
101            android:exported="false" >
101-->[androidx.camera:camera-camera2:1.2.2] AndroidManifest.xml:27:13-37
102            <meta-data
102-->[androidx.camera:camera-camera2:1.2.2] AndroidManifest.xml:30:13-32:89
103                android:name="androidx.camera.core.impl.MetadataHolderService.DEFAULT_CONFIG_PROVIDER"
103-->[androidx.camera:camera-camera2:1.2.2] AndroidManifest.xml:31:17-103
104                android:value="androidx.camera.camera2.Camera2Config$DefaultProvider" />
104-->[androidx.camera:camera-camera2:1.2.2] AndroidManifest.xml:32:17-86
105        </service>
106        <service
106-->[androidx.room:room-runtime:2.5.1] AndroidManifest.xml:24:9-28:63
107            android:name="androidx.room.MultiInstanceInvalidationService"
107-->[androidx.room:room-runtime:2.5.1] AndroidManifest.xml:25:13-74
108            android:directBootAware="true"
108-->[androidx.room:room-runtime:2.5.1] AndroidManifest.xml:26:13-43
109            android:exported="false" />
109-->[androidx.room:room-runtime:2.5.1] AndroidManifest.xml:27:13-37
110
111        <provider
111-->[androidx.emoji2:emoji2:1.0.0] AndroidManifest.xml:26:9-34:20
112            android:name="androidx.startup.InitializationProvider"
112-->[androidx.emoji2:emoji2:1.0.0] AndroidManifest.xml:27:13-67
113            android:authorities="org.tensorflow.codelabs.objectdetection.androidx-startup"
113-->[androidx.emoji2:emoji2:1.0.0] AndroidManifest.xml:28:13-68
114            android:exported="false" >
114-->[androidx.emoji2:emoji2:1.0.0] AndroidManifest.xml:29:13-37
115            <meta-data
115-->[androidx.emoji2:emoji2:1.0.0] AndroidManifest.xml:31:13-33:52
116                android:name="androidx.emoji2.text.EmojiCompatInitializer"
116-->[androidx.emoji2:emoji2:1.0.0] AndroidManifest.xml:32:17-75
117                android:value="androidx.startup" />
117-->[androidx.emoji2:emoji2:1.0.0] AndroidManifest.xml:33:17-49
118            <meta-data
118-->[androidx.lifecycle:lifecycle-process:2.4.0] AndroidManifest.xml:31:13-33:52
119                android:name="androidx.lifecycle.ProcessLifecycleInitializer"
119-->[androidx.lifecycle:lifecycle-process:2.4.0] AndroidManifest.xml:32:17-78
120                android:value="androidx.startup" />
120-->[androidx.lifecycle:lifecycle-process:2.4.0] AndroidManifest.xml:33:17-49
121        </provider>
122    </application>
123
124</manifest>